Build started 8/16/2016 6:25:59 AM.
     1>Project "C:\Users\Apple\Desktop\PS_BOT 10\ConsoleApplication5\ConsoleApplication5.vcxproj" on node 2 (Build target(s)).
     1>ClCompile:
         C:\Program Files (x86)\Microsoft Visual Studio 11.0\VC\bin\x86_amd64\CL.exe /c /IC:\opencv\build\include /IC:\opencv\build\include\opencv /IC:\opencv\build\include\opencv2 /Zi /nologo /W3 /WX- /sdl /O2 /Oi /GL /D WIN32 /D NDEBUG /D _CONSOLE /D _UNICODE /D UNICODE /Gm- /EHsc /MD /GS /Gy /fp:precise /Zc:wchar_t /Zc:forScope /Yu"stdafx.h" /Fp"x64\Release\PS_Bot.pch" /Fo"x64\Release\\" /Fd"x64\Release\vc110.pdb" /Gd /TP /errorReport:prompt PS_Bot.cpp
         PS_Bot.cpp
     1>PS_Bot.cpp(25): warning C4553: '==' : operator has no effect; did you intend '='?
     1>PS_Bot.cpp(83): warning C4244: 'initializing' : conversion from 'double' to 'int', possible loss of data
     1>PS_Bot.cpp(84): warning C4244: 'initializing' : conversion from 'double' to 'int', possible loss of data
     1>PS_Bot.cpp(93): warning C4267: 'argument' : conversion from 'size_t' to 'DWORD', possible loss of data
     1>PS_Bot.cpp(101): warning C4267: 'argument' : conversion from 'size_t' to 'DWORD', possible loss of data
     1>PS_Bot.cpp(108): warning C4267: 'argument' : conversion from 'size_t' to 'DWORD', possible loss of data
     1>PS_Bot.cpp(116): warning C4267: 'argument' : conversion from 'size_t' to 'DWORD', possible loss of data
     1>PS_Bot.cpp(122): warning C4267: 'argument' : conversion from 'size_t' to 'DWORD', possible loss of data
     1>PS_Bot.cpp(124): warning C4267: 'argument' : conversion from 'size_t' to 'DWORD', possible loss of data
     1>PS_Bot.cpp(230): warning C4267: 'argument' : conversion from 'size_t' to 'DWORD', possible loss of data
       Link:
         C:\Program Files (x86)\Microsoft Visual Studio 11.0\VC\bin\x86_amd64\link.exe /ERRORREPORT:PROMPT /OUT:"C:\Users\Apple\Desktop\PS_BOT 10\x64\Release\PS_Bot.exe" /INCREMENTAL:NO /NOLOGO /LIBPATH:C:\opencv\build\x64\vc11\lib opencv_ts300.lib opencv_ts300d.lib opencv_world300.lib opencv_world300d.lib kernel32.lib user32.lib gdi32.lib winspool.lib comdlg32.lib advapi32.lib shell32.lib ole32.lib oleaut32.lib uuid.lib odbc32.lib odbccp32.lib /MANIFEST /MANIFESTUAC:"level='asInvoker' uiAccess='false'" /manifest:embed /DEBUG /PDB:"C:\Users\Apple\Desktop\PS_BOT 10\x64\Release\PS_Bot.pdb" /SUBSYSTEM:CONSOLE /OPT:REF /OPT:ICF /LTCG /TLBID:1 /DYNAMICBASE /NXCOMPAT /IMPLIB:"C:\Users\Apple\Desktop\PS_BOT 10\x64\Release\PS_Bot.lib" /MACHINE:X64 x64\Release\PS_Bot.obj
         x64\Release\stdafx.obj
         Generating code
         Finished generating code
         ConsoleApplication5.vcxproj -> C:\Users\Apple\Desktop\PS_BOT 10\x64\Release\PS_Bot.exe
     1>Done Building Project "C:\Users\Apple\Desktop\PS_BOT 10\ConsoleApplication5\ConsoleApplication5.vcxproj" (Build target(s)).

Build succeeded.

Time Elapsed 00:00:07.41
